2019-06-08 13:18:05 INFO  by.epam.xmlparser.creator.OldCardsCreator:37 - DOM parser was created.
2019-06-08 13:18:05 INFO  by.epam.xmlparser.creator.OldCardsCreator:37 - SAX parser was created.
2019-06-08 13:18:05 INFO  by.epam.xmlparser.creator.OldCardsCreator:37 - STAX parser was created.
2019-06-08 13:18:05 DEBUG by.epam.xmlparser.builder.OldCardsHandler:91 - OldCard{theme=LANDSCAPE, type=HOLIDAY, country='Belarus', wasSent=true, year=2015, author=Author{name='Alexander Lomat', country='Belarus', isAlive=true}, valuable=HISTORICAL, number='card1'} successfully added
2019-06-08 13:18:05 DEBUG by.epam.xmlparser.builder.OldCardsHandler:91 - OldCard{theme=NATURE, type=ADVERTISING, country='Russia', wasSent=true, year=2013, author=Author{name='Dmitriy Kekin', country='Russia', isAlive=true}, valuable=THEMATIC, number='card2'} successfully added
2019-06-08 13:18:05 DEBUG by.epam.xmlparser.builder.OldCardsHandler:91 - OldCard{theme=SPORTS, type=HOLIDAY, country='USA', wasSent=true, year=2012, author=Author{name='Alexander Hleb', country='Belarus', isAlive=true}, valuable=HISTORICAL, number='card3'} successfully added
2019-06-08 13:18:05 DEBUG by.epam.xmlparser.builder.OldCardsStaxBuilder:87 - OldCard{theme=LANDSCAPE, type=HOLIDAY, country='Belarus', wasSent=true, year=2015, author=Author{name='Alexander Lomat', country='Belarus', isAlive=true}, valuable=HISTORICAL, number='card1'} has been built
2019-06-08 13:18:05 DEBUG by.epam.xmlparser.builder.OldCardsStaxBuilder:87 - OldCard{theme=NATURE, type=ADVERTISING, country='Russia', wasSent=true, year=2013, author=Author{name='Dmitriy Kekin', country='Russia', isAlive=true}, valuable=THEMATIC, number='card2'} has been built
2019-06-08 13:18:05 DEBUG by.epam.xmlparser.builder.OldCardsStaxBuilder:87 - OldCard{theme=SPORTS, type=HOLIDAY, country='USA', wasSent=true, year=2012, author=Author{name='Alexander Hleb', country='Belarus', isAlive=true}, valuable=HISTORICAL, number='card3'} has been built
2019-06-08 13:23:03 INFO  by.epam.xmlparser.creator.OldCardsCreator:37 - DOM parser was created.
2019-06-08 13:23:03 INFO  by.epam.xmlparser.creator.OldCardsCreator:37 - SAX parser was created.
2019-06-08 13:23:03 INFO  by.epam.xmlparser.creator.OldCardsCreator:37 - STAX parser was created.
2019-06-08 13:23:03 DEBUG by.epam.xmlparser.builder.OldCardsHandler:91 - OldCard{theme=LANDSCAPE, type=HOLIDAY, country='Belarus', wasSent=true, year=2015, author=Author{name='Alexander Lomat', country='Belarus', isAlive=true}, valuable=HISTORICAL, number='card1'} successfully added
2019-06-08 13:23:03 DEBUG by.epam.xmlparser.builder.OldCardsHandler:91 - OldCard{theme=NATURE, type=ADVERTISING, country='Russia', wasSent=true, year=2013, author=Author{name='Dmitriy Kekin', country='Russia', isAlive=true}, valuable=THEMATIC, number='card2'} successfully added
2019-06-08 13:23:03 DEBUG by.epam.xmlparser.builder.OldCardsHandler:91 - OldCard{theme=SPORTS, type=HOLIDAY, country='USA', wasSent=true, year=2012, author=Author{name='Alexander Hleb', country='Belarus', isAlive=true}, valuable=HISTORICAL, number='card3'} successfully added
2019-06-08 13:23:03 DEBUG by.epam.xmlparser.builder.OldCardsStaxBuilder:87 - OldCard{theme=LANDSCAPE, type=HOLIDAY, country='Belarus', wasSent=true, year=2015, author=Author{name='Alexander Lomat', country='Belarus', isAlive=true}, valuable=HISTORICAL, number='card1'} has been built
2019-06-08 13:23:03 DEBUG by.epam.xmlparser.builder.OldCardsStaxBuilder:87 - OldCard{theme=NATURE, type=ADVERTISING, country='Russia', wasSent=true, year=2013, author=Author{name='Dmitriy Kekin', country='Russia', isAlive=true}, valuable=THEMATIC, number='card2'} has been built
2019-06-08 13:23:03 DEBUG by.epam.xmlparser.builder.OldCardsStaxBuilder:87 - OldCard{theme=SPORTS, type=HOLIDAY, country='USA', wasSent=true, year=2012, author=Author{name='Alexander Hleb', country='Belarus', isAlive=true}, valuable=HISTORICAL, number='card3'} has been built
2019-06-08 13:25:05 INFO  by.epam.xmlparser.creator.OldCardsCreator:37 - DOM parser was created.
2019-06-08 13:25:05 INFO  by.epam.xmlparser.creator.OldCardsCreator:37 - SAX parser was created.
2019-06-08 13:25:05 INFO  by.epam.xmlparser.creator.OldCardsCreator:37 - STAX parser was created.
2019-06-08 13:25:05 DEBUG by.epam.xmlparser.builder.OldCardsHandler:96 - OldCard{theme=LANDSCAPE, type=HOLIDAY, country='Belarus', wasSent=true, year=2015, author=Author{name='Alexander Lomat', country='Belarus', isAlive=true}, valuable=HISTORICAL, number='card1'} successfully added
2019-06-08 13:25:05 DEBUG by.epam.xmlparser.builder.OldCardsHandler:96 - OldCard{theme=NATURE, type=ADVERTISING, country='Russia', wasSent=true, year=2013, author=Author{name='Dmitriy Kekin', country='Russia', isAlive=true}, valuable=THEMATIC, number='card2'} successfully added
2019-06-08 13:25:05 DEBUG by.epam.xmlparser.builder.OldCardsHandler:96 - OldCard{theme=SPORTS, type=HOLIDAY, country='USA', wasSent=true, year=2012, author=Author{name='Alexander Hleb', country='Belarus', isAlive=true}, valuable=HISTORICAL, number='card3'} successfully added
2019-06-08 13:25:05 DEBUG by.epam.xmlparser.builder.OldCardsStaxBuilder:92 - OldCard{theme=LANDSCAPE, type=HOLIDAY, country='Belarus', wasSent=true, year=2015, author=Author{name='Alexander Lomat', country='Belarus', isAlive=true}, valuable=HISTORICAL, number='card1'} has been built
2019-06-08 13:25:05 DEBUG by.epam.xmlparser.builder.OldCardsStaxBuilder:92 - OldCard{theme=NATURE, type=ADVERTISING, country='Russia', wasSent=true, year=2013, author=Author{name='Dmitriy Kekin', country='Russia', isAlive=true}, valuable=THEMATIC, number='card2'} has been built
2019-06-08 13:25:05 DEBUG by.epam.xmlparser.builder.OldCardsStaxBuilder:92 - OldCard{theme=SPORTS, type=HOLIDAY, country='USA', wasSent=true, year=2012, author=Author{name='Alexander Hleb', country='Belarus', isAlive=true}, valuable=HISTORICAL, number='card3'} has been built
2019-06-08 13:30:22 INFO  by.epam.xmlparser.creator.OldCardsCreator:37 - DOM parser was created.
2019-06-08 13:30:22 INFO  by.epam.xmlparser.creator.OldCardsCreator:37 - SAX parser was created.
2019-06-08 13:30:22 INFO  by.epam.xmlparser.creator.OldCardsCreator:37 - STAX parser was created.
2019-06-08 13:30:22 DEBUG by.epam.xmlparser.builder.OldCardsHandler:96 - OldCard{theme=LANDSCAPE, type=HOLIDAY, country='Belarus', wasSent=true, year=2015, author=Author{name='Alexander Lomat', country='Belarus', isAlive=true}, valuable=HISTORICAL, number='card1'} successfully added
2019-06-08 13:30:22 DEBUG by.epam.xmlparser.builder.OldCardsHandler:96 - OldCard{theme=NATURE, type=ADVERTISING, country='Russia', wasSent=true, year=2013, author=Author{name='Dmitriy Kekin', country='Russia', isAlive=true}, valuable=THEMATIC, number='card2'} successfully added
2019-06-08 13:30:22 DEBUG by.epam.xmlparser.builder.OldCardsHandler:96 - OldCard{theme=SPORTS, type=HOLIDAY, country='USA', wasSent=true, year=2012, author=Author{name='Alexander Hleb', country='Belarus', isAlive=true}, valuable=HISTORICAL, number='card3'} successfully added
2019-06-08 13:30:23 DEBUG by.epam.xmlparser.builder.OldCardsStaxBuilder:92 - OldCard{theme=LANDSCAPE, type=HOLIDAY, country='Belarus', wasSent=true, year=2015, author=Author{name='Alexander Lomat', country='Belarus', isAlive=true}, valuable=HISTORICAL, number='card1'} has been built
2019-06-08 13:30:23 DEBUG by.epam.xmlparser.builder.OldCardsStaxBuilder:92 - OldCard{theme=NATURE, type=ADVERTISING, country='Russia', wasSent=true, year=2013, author=Author{name='Dmitriy Kekin', country='Russia', isAlive=true}, valuable=THEMATIC, number='card2'} has been built
2019-06-08 13:30:23 DEBUG by.epam.xmlparser.builder.OldCardsStaxBuilder:92 - OldCard{theme=SPORTS, type=HOLIDAY, country='USA', wasSent=true, year=2012, author=Author{name='Alexander Hleb', country='Belarus', isAlive=true}, valuable=HISTORICAL, number='card3'} has been built
2019-06-08 13:43:53 INFO  by.epam.xmlparser.creator.OldCardsCreator:37 - DOM parser was created. 
2019-06-08 13:43:53 INFO  by.epam.xmlparser.creator.OldCardsCreator:37 - SAX parser was created. 
2019-06-08 13:43:53 INFO  by.epam.xmlparser.creator.OldCardsCreator:37 - STAX parser was created. 
2019-06-08 13:43:53 DEBUG by.epam.xmlparser.builder.OldCardsHandler:96 - OldCard{theme=LANDSCAPE, type=HOLIDAY, country='Belarus', wasSent=true, year=2015, author=Author{name='Alexander Lomat', country='Belarus', isAlive=true}, valuable=HISTORICAL, number='card1'} successfully added
2019-06-08 13:43:53 DEBUG by.epam.xmlparser.builder.OldCardsHandler:96 - OldCard{theme=NATURE, type=ADVERTISING, country='Russia', wasSent=true, year=2013, author=Author{name='Dmitriy Kekin', country='Russia', isAlive=true}, valuable=THEMATIC, number='card2'} successfully added
2019-06-08 13:43:53 DEBUG by.epam.xmlparser.builder.OldCardsHandler:96 - OldCard{theme=SPORTS, type=HOLIDAY, country='USA', wasSent=true, year=2012, author=Author{name='Alexander Hleb', country='Belarus', isAlive=true}, valuable=HISTORICAL, number='card3'} successfully added
2019-06-08 13:43:53 DEBUG by.epam.xmlparser.builder.OldCardsStaxBuilder:92 - OldCard{theme=LANDSCAPE, type=HOLIDAY, country='Belarus', wasSent=true, year=2015, author=Author{name='Alexander Lomat', country='Belarus', isAlive=true}, valuable=HISTORICAL, number='card1'} <--- has been built. 
2019-06-08 13:43:53 DEBUG by.epam.xmlparser.builder.OldCardsStaxBuilder:92 - OldCard{theme=NATURE, type=ADVERTISING, country='Russia', wasSent=true, year=2013, author=Author{name='Dmitriy Kekin', country='Russia', isAlive=true}, valuable=THEMATIC, number='card2'} <--- has been built. 
2019-06-08 13:43:53 DEBUG by.epam.xmlparser.builder.OldCardsStaxBuilder:92 - OldCard{theme=SPORTS, type=HOLIDAY, country='USA', wasSent=true, year=2012, author=Author{name='Alexander Hleb', country='Belarus', isAlive=true}, valuable=HISTORICAL, number='card3'} <--- has been built. 
2019-06-08 13:50:01 INFO  by.epam.xmlparser.creator.OldCardsCreator:37 - DOM parser was created. 
2019-06-08 13:50:01 INFO  by.epam.xmlparser.creator.OldCardsCreator:37 - SAX parser was created. 
2019-06-08 13:50:01 INFO  by.epam.xmlparser.creator.OldCardsCreator:37 - STAX parser was created. 
2019-06-08 13:50:01 INFO  by.epam.xmlparser.builder.OldCardsDomBuilder:69 - OldCard{theme=LANDSCAPE, type=HOLIDAY, country='Belarus', wasSent=true, year=2015, author=Author{name='Alexander Lomat', country='Belarus', isAlive=true}, valuable=HISTORICAL, number='card1'} was added. 
2019-06-08 13:50:01 INFO  by.epam.xmlparser.builder.OldCardsDomBuilder:69 - OldCard{theme=NATURE, type=ADVERTISING, country='Russia', wasSent=true, year=2013, author=Author{name='Dmitriy Kekin', country='Russia', isAlive=true}, valuable=THEMATIC, number='card2'} was added. 
2019-06-08 13:50:01 INFO  by.epam.xmlparser.builder.OldCardsDomBuilder:69 - OldCard{theme=SPORTS, type=HOLIDAY, country='USA', wasSent=true, year=2012, author=Author{name='Alexander Hleb', country='Belarus', isAlive=true}, valuable=HISTORICAL, number='card3'} was added. 
2019-06-08 13:50:01 DEBUG by.epam.xmlparser.builder.OldCardsHandler:96 - OldCard{theme=LANDSCAPE, type=HOLIDAY, country='Belarus', wasSent=true, year=2015, author=Author{name='Alexander Lomat', country='Belarus', isAlive=true}, valuable=HISTORICAL, number='card1'} successfully added
2019-06-08 13:50:01 DEBUG by.epam.xmlparser.builder.OldCardsHandler:96 - OldCard{theme=NATURE, type=ADVERTISING, country='Russia', wasSent=true, year=2013, author=Author{name='Dmitriy Kekin', country='Russia', isAlive=true}, valuable=THEMATIC, number='card2'} successfully added
2019-06-08 13:50:01 DEBUG by.epam.xmlparser.builder.OldCardsHandler:96 - OldCard{theme=SPORTS, type=HOLIDAY, country='USA', wasSent=true, year=2012, author=Author{name='Alexander Hleb', country='Belarus', isAlive=true}, valuable=HISTORICAL, number='card3'} successfully added
2019-06-08 13:50:01 INFO  by.epam.xmlparser.builder.OldCardsStaxBuilder:92 - OldCard{theme=LANDSCAPE, type=HOLIDAY, country='Belarus', wasSent=true, year=2015, author=Author{name='Alexander Lomat', country='Belarus', isAlive=true}, valuable=HISTORICAL, number='card1'} was added. 
2019-06-08 13:50:01 INFO  by.epam.xmlparser.builder.OldCardsStaxBuilder:92 - OldCard{theme=NATURE, type=ADVERTISING, country='Russia', wasSent=true, year=2013, author=Author{name='Dmitriy Kekin', country='Russia', isAlive=true}, valuable=THEMATIC, number='card2'} was added. 
2019-06-08 13:50:01 INFO  by.epam.xmlparser.builder.OldCardsStaxBuilder:92 - OldCard{theme=SPORTS, type=HOLIDAY, country='USA', wasSent=true, year=2012, author=Author{name='Alexander Hleb', country='Belarus', isAlive=true}, valuable=HISTORICAL, number='card3'} was added. 
2019-06-08 13:53:04 INFO  by.epam.xmlparser.creator.OldCardsCreator:37 - DOM parser was created. 
2019-06-08 13:53:04 INFO  by.epam.xmlparser.creator.OldCardsCreator:37 - SAX parser was created. 
2019-06-08 13:53:04 INFO  by.epam.xmlparser.creator.OldCardsCreator:37 - STAX parser was created. 
2019-06-08 13:53:04 INFO  by.epam.xmlparser.builder.OldCardsDomBuilder:69 - OldCard{theme=LANDSCAPE, type=HOLIDAY, country='Belarus', wasSent=true, year=2015, author=Author{name='Alexander Lomat', country='Belarus', isAlive=true}, valuable=HISTORICAL, number='card1'} was added. 
2019-06-08 13:53:04 INFO  by.epam.xmlparser.builder.OldCardsDomBuilder:69 - OldCard{theme=NATURE, type=ADVERTISING, country='Russia', wasSent=true, year=2013, author=Author{name='Dmitriy Kekin', country='Russia', isAlive=true}, valuable=THEMATIC, number='card2'} was added. 
2019-06-08 13:53:04 INFO  by.epam.xmlparser.builder.OldCardsDomBuilder:69 - OldCard{theme=SPORTS, type=HOLIDAY, country='USA', wasSent=true, year=2012, author=Author{name='Alexander Hleb', country='Belarus', isAlive=true}, valuable=HISTORICAL, number='card3'} was added. 
2019-06-08 13:53:04 DEBUG by.epam.xmlparser.builder.OldCardsHandler:96 - OldCard{theme=LANDSCAPE, type=HOLIDAY, country='Belarus', wasSent=true, year=2015, author=Author{name='Alexander Lomat', country='Belarus', isAlive=true}, valuable=HISTORICAL, number='card1'} successfully added
2019-06-08 13:53:04 DEBUG by.epam.xmlparser.builder.OldCardsHandler:96 - OldCard{theme=NATURE, type=ADVERTISING, country='Russia', wasSent=true, year=2013, author=Author{name='Dmitriy Kekin', country='Russia', isAlive=true}, valuable=THEMATIC, number='card2'} successfully added
2019-06-08 13:53:04 DEBUG by.epam.xmlparser.builder.OldCardsHandler:96 - OldCard{theme=SPORTS, type=HOLIDAY, country='USA', wasSent=true, year=2012, author=Author{name='Alexander Hleb', country='Belarus', isAlive=true}, valuable=HISTORICAL, number='card3'} successfully added
2019-06-08 13:53:04 INFO  by.epam.xmlparser.builder.OldCardsStaxBuilder:92 - OldCard{theme=LANDSCAPE, type=HOLIDAY, country='Belarus', wasSent=true, year=2015, author=Author{name='Alexander Lomat', country='Belarus', isAlive=true}, valuable=HISTORICAL, number='card1'} was added. 
2019-06-08 13:53:04 INFO  by.epam.xmlparser.builder.OldCardsStaxBuilder:92 - OldCard{theme=NATURE, type=ADVERTISING, country='Russia', wasSent=true, year=2013, author=Author{name='Dmitriy Kekin', country='Russia', isAlive=true}, valuable=THEMATIC, number='card2'} was added. 
2019-06-08 13:53:04 INFO  by.epam.xmlparser.builder.OldCardsStaxBuilder:92 - OldCard{theme=SPORTS, type=HOLIDAY, country='USA', wasSent=true, year=2012, author=Author{name='Alexander Hleb', country='Belarus', isAlive=true}, valuable=HISTORICAL, number='card3'} was added. 
